<?xml version="1.0" encoding="UTF-8"?>
<testsuite name="com.TaxiForSure.RegTestCases.SupplyInspectionTest" time="131.782" tests="15" errors="0" skipped="12" failures="2">
  <properties>
[...]
</properties>
  <testcase name="comprehensiveHistoryTest" classname="com.TaxiForSure.RegTestCases.SupplyInspectionTest" time="3.151"/>
  <testcase name="comprehensiveInspectionTest" classname="com.TaxiForSure.RegTestCases.SupplyInspectionTest" time="54.284">
    <failure message="Element is not currently visible and so may not be interacted with&#10;Command duration or timeout: 20.03 seconds&#10;Build info: version: &apos;2.42.2&apos;, revision: &apos;6a6995d31c7c56c340d6f45a76976d43506cd6cc&apos;, time: &apos;2014-06-03 10:52:47&apos;&#10;System info: host: &apos;SRIPRIYA-TI8152&apos;, ip: &apos;172.16.11.0&apos;, os.name: &apos;Windows 7&apos;, os.arch: &apos;x86&apos;, os.version: &apos;6.1&apos;, java.version: &apos;1.7.0_67&apos;&#10;Session ID: 51919bd8-83db-45b7-be38-ebe4f8a66352&#10;Driver info: org.openqa.selenium.firefox.FirefoxDriver&#10;Capabilities [{platform=XP, databaseEnabled=true, cssSelectorsEnabled=true, javascriptEnabled=true, acceptSslCerts=true, handlesAlerts=true, browserName=firefox, webStorageEnabled=true, nativeEvents=false, rotatable=false, locationContextEnabled=true, applicationCacheEnabled=true, takesScreenshot=true, version=31.0}]" type="org.openqa.selenium.ElementNotVisibleException"><![CDATA[org.openqa.selenium.ElementNotVisibleException: Element is not currently visible and so may not be interacted with
Command duration or timeout: 20.03 seconds
Build info: version: '2.42.2', revision: '6a6995d31c7c56c340d6f45a76976d43506cd6cc', time: '2014-06-03 10:52:47'
System info: host: 'SRIPRIYA-TI8152', ip: '172.16.11.0', os.name: 'Windows 7', os.arch: 'x86', os.version: '6.1', java.version: '1.7.0_67'
Session ID: 51919bd8-83db-45b7-be38-ebe4f8a66352
Driver info: org.openqa.selenium.firefox.FirefoxDriver
Capabilities [{platform=XP, databaseEnabled=true, cssSelectorsEnabled=true, javascriptEnabled=true, acceptSslCerts=true, handlesAlerts=true, browserName=firefox, webStorageEnabled=true, nativeEvents=false, rotatable=false, locationContextEnabled=true, applicationCacheEnabled=true, takesScreenshot=true, version=31.0}]
	at sun.reflect.NativeConstructorAccessorImpl.newInstance0(Native Method)
	at sun.reflect.NativeConstructorAccessorImpl.newInstance(NativeConstructorAccessorImpl.java:57)
	at sun.reflect.DelegatingConstructorAccessorImpl.newInstance(DelegatingConstructorAccessorImpl.java:45)
	at java.lang.reflect.Constructor.newInstance(Constructor.java:526)
	at org.openqa.selenium.remote.ErrorHandler.createThrowable(ErrorHandler.java:204)
	at org.openqa.selenium.remote.ErrorHandler.throwIfResponseFailed(ErrorHandler.java:156)
	at org.openqa.selenium.remote.RemoteWebDriver.execute(RemoteWebDriver.java:599)
	at org.openqa.selenium.remote.RemoteWebElement.execute(RemoteWebElement.java:268)
	at org.openqa.selenium.remote.RemoteWebElement.click(RemoteWebElement.java:79)
	at sun.reflect.NativeMethodAccessorImpl.invoke0(Native Method)
	at sun.reflect.NativeMethodAccessorImpl.invoke(NativeMethodAccessorImpl.java:57)
	at sun.reflect.DelegatingMethodAccessorImpl.invoke(DelegatingMethodAccessorImpl.java:43)
	at java.lang.reflect.Method.invoke(Method.java:606)
	at org.openqa.selenium.support.pagefactory.internal.LocatingElementHandler.invoke(LocatingElementHandler.java:41)
	at com.sun.proxy.$Proxy12.click(Unknown Source)
	at com.TaxiForSure.RegTestCases.SupplyInspectionTest.comprehensiveInspectionTest(SupplyInspectionTest.java:230)
Caused by: org.openqa.selenium.remote.ErrorHandler$UnknownServerException: Element is not currently visible and so may not be interacted with
Build info: version: '2.42.2', revision: '6a6995d31c7c56c340d6f45a76976d43506cd6cc', time: '2014-06-03 10:52:47'
System info: host: 'SRIPRIYA-TI8152', ip: '172.16.11.0', os.name: 'Windows 7', os.arch: 'x86', os.version: '6.1', java.version: '1.7.0_67'
Driver info: driver.version: unknown
	at <anonymous class>.fxdriver.preconditions.visible(file:///C:/Users/sripriya.b/AppData/Local/Temp/anonymous3578785006213588767webdriver-profile/extensions/fxdriver@googlecode.com/components/command_processor.js:8791:5)
	at <anonymous class>.DelayedCommand.prototype.checkPreconditions_(file:///C:/Users/sripriya.b/AppData/Local/Temp/anonymous3578785006213588767webdriver-profile/extensions/fxdriver@googlecode.com/components/command_processor.js:11438:1)
	at <anonymous class>.DelayedCommand.prototype.executeInternal_/h(file:///C:/Users/sripriya.b/AppData/Local/Temp/anonymous3578785006213588767webdriver-profile/extensions/fxdriver@googlecode.com/components/command_processor.js:11455:11)
	at <anonymous class>.fxdriver.Timer.prototype.setTimeout/<.notify(file:///C:/Users/sripriya.b/AppData/Local/Temp/anonymous3578785006213588767webdriver-profile/extensions/fxdriver@googlecode.com/components/command_processor.js:407:5)
]]></failure>
    <system-out><![CDATA[Done! You are in 1 Km radius of the driver, You can proceed further
]]></system-out>
  </testcase>
  <testcase name="configAfterMethod" classname="com.TaxiForSure.RegTestCases.SupplyInspectionTest" time="74.347">
    <failure message="Unable to locate element: {&quot;method&quot;:&quot;link text&quot;,&quot;selector&quot;:&quot;Logout&quot;}&#10;Command duration or timeout: 20.06 seconds&#10;For documentation on this error, please visit: http://seleniumhq.org/exceptions/no_such_element.html&#10;Build info: version: &apos;2.42.2&apos;, revision: &apos;6a6995d31c7c56c340d6f45a76976d43506cd6cc&apos;, time: &apos;2014-06-03 10:52:47&apos;&#10;System info: host: &apos;SRIPRIYA-TI8152&apos;, ip: &apos;172.16.11.0&apos;, os.name: &apos;Windows 7&apos;, os.arch: &apos;x86&apos;, os.version: &apos;6.1&apos;, java.version: &apos;1.7.0_67&apos;&#10;Session ID: 51919bd8-83db-45b7-be38-ebe4f8a66352&#10;Driver info: org.openqa.selenium.firefox.FirefoxDriver&#10;Capabilities [{platform=XP, databaseEnabled=true, cssSelectorsEnabled=true, javascriptEnabled=true, acceptSslCerts=true, handlesAlerts=true, browserName=firefox, webStorageEnabled=true, nativeEvents=false, rotatable=false, locationContextEnabled=true, applicationCacheEnabled=true, takesScreenshot=true, version=31.0}]" type="org.openqa.selenium.NoSuchElementException"><![CDATA[org.openqa.selenium.NoSuchElementException: Unable to locate element: {"method":"link text","selector":"Logout"}
Command duration or timeout: 20.06 seconds
For documentation on this error, please visit: http://seleniumhq.org/exceptions/no_such_element.html
Build info: version: '2.42.2', revision: '6a6995d31c7c56c340d6f45a76976d43506cd6cc', time: '2014-06-03 10:52:47'
System info: host: 'SRIPRIYA-TI8152', ip: '172.16.11.0', os.name: 'Windows 7', os.arch: 'x86', os.version: '6.1', java.version: '1.7.0_67'
Session ID: 51919bd8-83db-45b7-be38-ebe4f8a66352
Driver info: org.openqa.selenium.firefox.FirefoxDriver
Capabilities [{platform=XP, databaseEnabled=true, cssSelectorsEnabled=true, javascriptEnabled=true, acceptSslCerts=true, handlesAlerts=true, browserName=firefox, webStorageEnabled=true, nativeEvents=false, rotatable=false, locationContextEnabled=true, applicationCacheEnabled=true, takesScreenshot=true, version=31.0}]
	at sun.reflect.NativeConstructorAccessorImpl.newInstance0(Native Method)
	at sun.reflect.NativeConstructorAccessorImpl.newInstance(NativeConstructorAccessorImpl.java:57)
	at sun.reflect.DelegatingConstructorAccessorImpl.newInstance(DelegatingConstructorAccessorImpl.java:45)
	at java.lang.reflect.Constructor.newInstance(Constructor.java:526)
	at org.openqa.selenium.remote.ErrorHandler.createThrowable(ErrorHandler.java:204)
	at org.openqa.selenium.remote.ErrorHandler.throwIfResponseFailed(ErrorHandler.java:156)
	at org.openqa.selenium.remote.RemoteWebDriver.execute(RemoteWebDriver.java:599)
	at org.openqa.selenium.remote.RemoteWebDriver.findElement(RemoteWebDriver.java:352)
	at org.openqa.selenium.remote.RemoteWebDriver.findElementByLinkText(RemoteWebDriver.java:401)
	at org.openqa.selenium.By$ByLinkText.findElement(By.java:242)
	at org.openqa.selenium.remote.RemoteWebDriver.findElement(RemoteWebDriver.java:344)
	at org.openqa.selenium.support.pagefactory.DefaultElementLocator.findElement(DefaultElementLocator.java:59)
	at org.openqa.selenium.support.pagefactory.internal.LocatingElementHandler.invoke(LocatingElementHandler.java:34)
	at com.sun.proxy.$Proxy12.click(Unknown Source)
	at com.TaxiForSure.BusinessLib.ProjectCommonLib.logOut(ProjectCommonLib.java:176)
	at com.TaxiForSure.RegTestCases.SupplyInspectionTest.configAfterMethod(SupplyInspectionTest.java:474)
Caused by: org.openqa.selenium.remote.ErrorHandler$UnknownServerException: Unable to locate element: {"method":"link text","selector":"Logout"}
Build info: version: '2.42.2', revision: '6a6995d31c7c56c340d6f45a76976d43506cd6cc', time: '2014-06-03 10:52:47'
System info: host: 'SRIPRIYA-TI8152', ip: '172.16.11.0', os.name: 'Windows 7', os.arch: 'x86', os.version: '6.1', java.version: '1.7.0_67'
Driver info: driver.version: unknown
	at <anonymous class>.FirefoxDriver.prototype.findElementInternal_(file:///C:/Users/sripriya.b/AppData/Local/Temp/anonymous3578785006213588767webdriver-profile/extensions/fxdriver@googlecode.com/components/driver_component.js:9470:133)
	at <anonymous class>.fxdriver.Timer.prototype.setTimeout/<.notify(file:///C:/Users/sripriya.b/AppData/Local/Temp/anonymous3578785006213588767webdriver-profile/extensions/fxdriver@googlecode.com/components/driver_component.js:407:5)
]]></failure>
  </testcase>
  <testcase name="configBeforeMethod" classname="com.TaxiForSure.RegTestCases.SupplyInspectionTest" time="0">
    <skipped/>
  </testcase>
  <testcase name="inspectionHistoryTest" classname="com.TaxiForSure.RegTestCases.SupplyInspectionTest" time="0">
    <skipped/>
  </testcase>
  <testcase name="configAfterMethod" classname="com.TaxiForSure.RegTestCases.SupplyInspectionTest" time="0">
    <skipped/>
  </testcase>
  <testcase name="configBeforeMethod" classname="com.TaxiForSure.RegTestCases.SupplyInspectionTest" time="0">
    <skipped/>
  </testcase>
  <testcase name="inspectionHomePageInvalidTest" classname="com.TaxiForSure.RegTestCases.SupplyInspectionTest" time="0">
    <skipped/>
  </testcase>
  <testcase name="configAfterMethod" classname="com.TaxiForSure.RegTestCases.SupplyInspectionTest" time="0">
    <skipped/>
  </testcase>
  <testcase name="configBeforeMethod" classname="com.TaxiForSure.RegTestCases.SupplyInspectionTest" time="0">
    <skipped/>
  </testcase>
  <testcase name="quickHistoryTest" classname="com.TaxiForSure.RegTestCases.SupplyInspectionTest" time="0">
    <skipped/>
  </testcase>
  <testcase name="configAfterMethod" classname="com.TaxiForSure.RegTestCases.SupplyInspectionTest" time="0">
    <skipped/>
  </testcase>
  <testcase name="configBeforeMethod" classname="com.TaxiForSure.RegTestCases.SupplyInspectionTest" time="0">
    <skipped/>
  </testcase>
  <testcase name="quickInspectionTest" classname="com.TaxiForSure.RegTestCases.SupplyInspectionTest" time="0">
    <skipped/>
  </testcase>
  <testcase name="configAfterMethod" classname="com.TaxiForSure.RegTestCases.SupplyInspectionTest" time="0">
    <skipped/>
  </testcase>
</testsuite>